<?xml version="1.0" encoding="UTF-8"?>
<testng-results ignored="0" total="3" passed="3" failed="0" skipped="0">
  <reporter-output>
  </reporter-output>
  <suite started-at="2021-09-21T21:41:10Z" name="Default suite" finished-at="2021-09-21T21:41:11Z" duration-ms="88">
    <groups>
    </groups>
    <test started-at="2021-09-21T21:41:10Z" name="Default test" finished-at="2021-09-21T21:41:11Z" duration-ms="88">
      <class name="com.comcast.creatorganization.ContactTest">
        <test-method signature="createcontactTest()[pri:0, instance:com.comcast.creatorganization.ContactTest@29a5f4e7]" started-at="2021-09-21T21:41:10Z" name="createcontactTest" finished-at="2021-09-21T21:41:11Z" duration-ms="25" status="PASS">
          <reporter-output>
          </reporter-output>
        </test-method> <!-- createcontactTest -->
        <test-method signature="createorganizationTest()[pri:0, instance:com.comcast.creatorganization.ContactTest@29a5f4e7]" started-at="2021-09-21T21:41:11Z" name="createorganizationTest" finished-at="2021-09-21T21:41:11Z" duration-ms="5" status="PASS">
          <reporter-output>
          </reporter-output>
        </test-method> <!-- createorganizationTest -->
        <test-method signature="deletecontactTest()[pri:0, instance:com.comcast.creatorganization.ContactTest@29a5f4e7]" started-at="2021-09-21T21:41:11Z" name="deletecontactTest" finished-at="2021-09-21T21:41:11Z" duration-ms="5" status="PASS">
          <reporter-output>
          </reporter-output>
        </test-method> <!-- deletecontactTest -->
      </class> <!-- com.comcast.creatorganization.ContactTest -->
    </test> <!-- Default test -->
  </suite> <!-- Default suite -->
</testng-results>
